[+] Containers:
 |- [+] Container: /Game/VehicleTemplate/Maps/VehicleExampleMap
 |   |- [+] ActorDescs:
 |   |   |- Guid:038D8D0A453265B82865CB9F0A1F22EF BaseClass:/Game/Blueprint/BP_Endpoint.BP_Endpoint_C NativeClass:/Script/Engine.Actor Name:BP_Endpoint_C_UAID_F02F74AEF551CF9801_1152204118 Label:BP_Endpoint15 SpatiallyLoaded:1 Bounds:IsValid=true, Min=(X=2106.250 Y=-9253.750 Z=116.250), Max=(X=2333.750 Y=-9026.250 Z=343.750) RuntimeGrid:None EditorOnly:0 RuntimeOnly:0 HLODRelevant:0
 |   |   |- Guid:171313D0407C3F64D2D4B296EC558C63 BaseClass: NativeClass:/Script/Landscape.LandscapeStreamingProxy Name:LandscapeStreamingProxy_BN55SI9ETKGRY904720BQHPG3_1_1_0_0 Label:LandscapeStreamingProxy_1_0_0 SpatiallyLoaded:1 Bounds:IsValid=true, Min=(X=0.000 Y=-12600.000 Z=-100.000), Max=(X=12600.000 Y=0.000 Z=100.000) RuntimeGrid:None EditorOnly:0 RuntimeOnly:0 HLODRelevant:1
 |   |   |- Guid:1B9C08E3400E30F4F7522E9A4C9880C6 BaseClass: NativeClass:/Script/Engine.StaticMeshActor Name:StaticMeshActor_0 Label:SM_Cube5 SpatiallyLoaded:1 Bounds:IsValid=true, Min=(X=12500.000 Y=-12600.000 Z=0.000), Max=(X=12600.002 Y=12500.000 Z=4875.000) RuntimeGrid:None EditorOnly:0 RuntimeOnly:0 HLODRelevant:1 FolderPath:Landscape FolderGuid:912F765E4714A1DB296369A3E4390900
 |   |   |- Guid:21188B07490D3865E81115A7716F6B45 BaseClass: NativeClass:/Script/Engine.StaticMeshActor Name:StaticMeshActor_4 Label:SM_Cube4 SpatiallyLoaded:1 Bounds:IsValid=true, Min=(X=-12600.000 Y=-12600.001 Z=0.000), Max=(X=12500.000 Y=-12500.000 Z=4875.000) RuntimeGrid:None EditorOnly:0 RuntimeOnly:0 HLODRelevant:1 FolderPath:Landscape FolderGuid:912F765E4714A1DB296369A3E4390900
 |   |   |- Guid:25E856F042412E1485596BAE8A5ABA38 BaseClass: NativeClass:/Script/Landscape.LandscapeStreamingProxy Name:LandscapeStreamingProxy_BN55SI9ETKGRY904720BQHPG3_1_0_0_0 Label:LandscapeStreamingProxy_0_0_0 SpatiallyLoaded:1 Bounds:IsValid=true, Min=(X=-12600.000 Y=-12600.000 Z=-100.000), Max=(X=0.000 Y=0.000 Z=100.000) RuntimeGrid:None EditorOnly:0 RuntimeOnly:0 HLODRelevant:1
 |   |   |- Guid:26094E23406E270AB9AB2ABCC1B91E88 BaseClass: NativeClass:/Script/Engine.StaticMeshActor Name:StaticMeshActor_10 Label:SM_Cylinder8 SpatiallyLoaded:1 Bounds:IsValid=true, Min=(X=-1049.678 Y=-6700.000 Z=-12.292), Max=(X=-950.322 Y=-6100.645 Z=12.292) RuntimeGrid:None EditorOnly:0 RuntimeOnly:0 HLODRelevant:1 FolderPath:Obstacles/Roadbumps FolderGuid:FEEBC32E4868314ED344A2BDA4C895E1
 |   |   |- Guid:26BD1B5E470BC33221AAD99D9354D8C7 BaseClass:/Game/Blueprint/BP_Endpoint.BP_Endpoint_C NativeClass:/Script/Engine.Actor Name:BP_Endpoint_C_UAID_F02F74AEF551CF9801_1150194111 Label:BP_Endpoint8 SpatiallyLoaded:1 Bounds:IsValid=true, Min=(X=2185.000 Y=-9385.000 Z=355.000), Max=(X=2255.000 Y=-9315.000 Z=425.000) RuntimeGrid:None EditorOnly:0 RuntimeOnly:0 HLODRelevant:0
 |   |   |- Guid:2A6047224CD7C35031E4FBA1E28AE7A0 BaseClass: NativeClass:/Script/Engine.StaticMeshActor Name:StaticMeshActor_UAID_F02F74AEF551769901_1452668497 Label:Cube4 SpatiallyLoaded:1 Bounds:IsValid=true, Min=(X=-11790.000 Y=4807.500 Z=2.500), Max=(X=-11690.000 Y=11832.500 Z=1177.500) RuntimeGrid:None EditorOnly:0 RuntimeOnly:0 HLODRelevant:1
 |   |   |- Guid:35D59C8D432FE794EAF09B89AFD9CA0A BaseClass: NativeClass:/Script/Engine.StaticMeshActor Name:StaticMeshActor_UAID_F02F74AEF551759901_1574609319 Label:Cube2 SpatiallyLoaded:1 Bounds:IsValid=true, Min=(X=11790.000 Y=4797.500 Z=2.500), Max=(X=11890.000 Y=11822.500 Z=1177.500) RuntimeGrid:None EditorOnly:0 RuntimeOnly:0 HLODRelevant:1
 |   |   |- Guid:3A7EAFD3455BFADCAF92219B658562A7 BaseClass:/Game/Blueprint/BP_Endpoint.BP_Endpoint_C NativeClass:/Script/Engine.Actor Name:BP_Endpoint_C_UAID_F02F74AEF551CF9801_1152198116 Label:BP_Endpoint13 SpatiallyLoaded:1 Bounds:IsValid=true, Min=(X=2185.000 Y=-9385.000 Z=435.000), Max=(X=2255.000 Y=-9315.000 Z=505.000) RuntimeGrid:None EditorOnly:0 RuntimeOnly:0 HLODRelevant:0
 |   |   |- Guid:3AC542C64D20AAA5213F08B4500F4835 BaseClass: NativeClass:/Script/Engine.StaticMeshActor Name:StaticMeshActor_19 Label:SM_Cylinder11 SpatiallyLoaded:1 Bounds:IsValid=true, Min=(X=-450.000 Y=-6700.000 Z=-12.615), Max=(X=-350.000 Y=-6100.000 Z=12.615) RuntimeGrid:None EditorOnly:0 RuntimeOnly:0 HLODRelevant:1 FolderPath:Obstacles/Roadbumps FolderGuid:FEEBC32E4868314ED344A2BDA4C895E1
 |   |   |- Guid:41536055485B96C5CE04B8B7C7F630B7 BaseClass:/Game/Blueprint/BP_Endpoint.BP_Endpoint_C NativeClass:/Script/Engine.Actor Name:BP_Endpoint_C_UAID_F02F74AEF551CF9801_1143412107 Label:BP_Endpoint4 SpatiallyLoaded:1 Bounds:IsValid=true, Min=(X=2185.000 Y=-9285.000 Z=265.000), Max=(X=2255.000 Y=-9215.000 Z=335.000) RuntimeGrid:None EditorOnly:0 RuntimeOnly:0 HLODRelevant:0
 |   |   |- Guid:42D144FB44820C8F4598A283B209E5AC BaseClass:/Game/Blueprint/BP_Endpoint.BP_Endpoint_C NativeClass:/Script/Engine.Actor Name:BP_Endpoint_C_UAID_F02F74AEF551CF9801_1152201117 Label:BP_Endpoint14 SpatiallyLoaded:1 Bounds:IsValid=true, Min=(X=2185.000 Y=-9285.000 Z=435.000), Max=(X=2255.000 Y=-9215.000 Z=505.000) RuntimeGrid:None EditorOnly:0 RuntimeOnly:0 HLODRelevant:0
 |   |   |- Guid:45A2752F441C9A70EA448DB3141565BF BaseClass:/Game/Blueprint/BP_Endpoint.BP_Endpoint_C NativeClass:/Script/Engine.Actor Name:BP_Endpoint_C_UAID_F02F74AEF551CF9801_1150192110 Label:BP_Endpoint7 SpatiallyLoaded:1 Bounds:IsValid=true, Min=(X=2185.000 Y=-9485.000 Z=355.000), Max=(X=2255.000 Y=-9415.000 Z=425.000) RuntimeGrid:None EditorOnly:0 RuntimeOnly:0 HLODRelevant:0
 |   |   |- Guid:4E07E2294C3EEEE15E5283BF11DCD244 BaseClass:/Game/Blueprint/BP_Endpoint.BP_Endpoint_C NativeClass:/Script/Engine.Actor Name:BP_Endpoint_C_UAID_F02F74AEF551CF9801_1152191114 Label:BP_Endpoint11 SpatiallyLoaded:1 Bounds:IsValid=true, Min=(X=2185.000 Y=-9595.000 Z=435.000), Max=(X=2255.000 Y=-9525.000 Z=505.000) RuntimeGrid:None EditorOnly:0 RuntimeOnly:0 HLODRelevant:0
 |   |   |- Guid:53958CB04434B4A582ACDCA76EFE588F BaseClass:/Game/Blueprint/BP_Endpoint.BP_Endpoint_C NativeClass:/Script/Engine.Actor Name:BP_Endpoint_C_UAID_F02F74AEF551CF9801_1150189109 Label:BP_Endpoint6 SpatiallyLoaded:1 Bounds:IsValid=true, Min=(X=2185.000 Y=-9595.000 Z=355.000), Max=(X=2255.000 Y=-9525.000 Z=425.000) RuntimeGrid:None EditorOnly:0 RuntimeOnly:0 HLODRelevant:0
 |   |   |- Guid:53C7258943CF749528C764B4D5903760 BaseClass: NativeClass:/Script/Engine.StaticMeshActor Name:StaticMeshActor_5 Label:SM_Cube6 SpatiallyLoaded:1 Bounds:IsValid=true, Min=(X=-12500.001 Y=12500.001 Z=0.000), Max=(X=12599.999 Y=12600.003 Z=4875.000) RuntimeGrid:None EditorOnly:0 RuntimeOnly:0 HLODRelevant:1 FolderPath:Landscape FolderGuid:912F765E4714A1DB296369A3E4390900
 |   |   |- Guid:62B351BB423B9EABD5AE849DD1DFC408 BaseClass: NativeClass:/Script/Engine.VolumetricCloud Name:VolumetricCloud_0 Label:VolumetricCloud SpatiallyLoaded:0 Bounds:IsValid=true, Min=(X=-12600.000 Y=-12600.000 Z=720.000), Max=(X=-12600.000 Y=-12600.000 Z=720.000) RuntimeGrid:None EditorOnly:0 RuntimeOnly:0 HLODRelevant:0 FolderPath:Lighting FolderGuid:602030AD4CB26C050EF7B98FCA62FBCA
 |   |   |- Guid:6A1C7CE945AD720405A2B8A0CDC31EEA BaseClass: NativeClass:/Script/Engine.WorldDataLayers Name:WorldDataLayers Label:WorldDataLayers-1 SpatiallyLoaded:0 Bounds:IsValid=true, Min=(X=0.000 Y=0.000 Z=0.000), Max=(X=0.000 Y=0.000 Z=0.000) RuntimeGrid:None EditorOnly:0 RuntimeOnly:0 HLODRelevant:0
 |   |   |- Guid:6B337CAD4C563049716FB399D124EC3D BaseClass: NativeClass:/Script/Engine.SkyLight Name:SkyLight_1 Label:SkyLight SpatiallyLoaded:0 Bounds:IsValid=true, Min=(X=-12600.000 Y=-12600.000 Z=590.000), Max=(X=-12600.000 Y=-12600.000 Z=590.000) RuntimeGrid:None EditorOnly:0 RuntimeOnly:0 HLODRelevant:0 FolderPath:Lighting FolderGuid:602030AD4CB26C050EF7B98FCA62FBCA
 |   |   |- Guid:701349444CCFAEDA5180B7994D6285C9 BaseClass: NativeClass:/Script/Engine.StaticMeshActor Name:StaticMeshActor_9 Label:SM_Cylinder7 SpatiallyLoaded:1 Bounds:IsValid=true, Min=(X=-1238.452 Y=-6700.000 Z=-12.292), Max=(X=-1139.097 Y=-6100.645 Z=12.292) RuntimeGrid:None EditorOnly:0 RuntimeOnly:0 HLODRelevant:1 FolderPath:Obstacles/Roadbumps FolderGuid:FEEBC32E4868314ED344A2BDA4C895E1
 |   |   |- Guid:72FBA45F474AD6B89F11049FCA83748F BaseClass: NativeClass:/Script/Engine.StaticMeshActor Name:StaticMeshActor_UAID_A4AE111137DC5DFB00_1630210247 Label:SM_SkySphere SpatiallyLoaded:1 Bounds:IsValid=true, Min=(X=-1638400.000 Y=-1638400.000 Z=-1638400.000), Max=(X=1638400.000 Y=1638400.000 Z=1638400.000) RuntimeGrid:None EditorOnly:0 RuntimeOnly:0 HLODRelevant:1 FolderPath:Lighting FolderGuid:602030AD4CB26C050EF7B98FCA62FBCA
 |   |   |- Guid:75C3A0ED45FC497761EEF893F793851A BaseClass:/Game/Blueprint/BP_Endpoint.BP_Endpoint_C NativeClass:/Script/Engine.Actor Name:BP_Endpoint_C_UAID_F02F74AEF551CF9801_1141255105 Label:BP_Endpoint2 SpatiallyLoaded:1 Bounds:IsValid=true, Min=(X=2185.000 Y=-9485.000 Z=265.000), Max=(X=2255.000 Y=-9415.000 Z=335.000) RuntimeGrid:None EditorOnly:0 RuntimeOnly:0 HLODRelevant:0
 |   |   |- Guid:792164FE4D85B78C5D0DE5BE2EE8CD05 BaseClass: NativeClass:/Script/Engine.StaticMeshActor Name:StaticMeshActor_6 Label:SM_Cube7 SpatiallyLoaded:1 Bounds:IsValid=true, Min=(X=-12600.003 Y=-12500.001 Z=0.000), Max=(X=-12500.001 Y=12599.999 Z=4875.000) RuntimeGrid:None EditorOnly:0 RuntimeOnly:0 HLODRelevant:1 FolderPath:Landscape FolderGuid:912F765E4714A1DB296369A3E4390900
 |   |   |- Guid:831533784CE5584B00BF1EA12C991339 BaseClass:/Game/Blueprint/BP_Endpoint.BP_Endpoint_C NativeClass:/Script/Engine.Actor Name:BP_Endpoint_C_UAID_F02F74AEF551CF9801_1150200113 Label:BP_Endpoint10 SpatiallyLoaded:1 Bounds:IsValid=true, Min=(X=2185.000 Y=-9195.000 Z=355.000), Max=(X=2255.000 Y=-9125.000 Z=425.000) RuntimeGrid:None EditorOnly:0 RuntimeOnly:0 HLODRelevant:0
 |   |   |- Guid:89B86F264C65027F36E09C9B3B1D1D32 BaseClass: NativeClass:/Script/Engine.StaticMeshActor Name:StaticMeshActor_UAID_F02F74AEF551769901_1448700496 Label:Cube3 SpatiallyLoaded:1 Bounds:IsValid=true, Min=(X=12140.000 Y=-4652.500 Z=2.500), Max=(X=12240.000 Y=2372.500 Z=1177.500) RuntimeGrid:None EditorOnly:0 RuntimeOnly:0 HLODRelevant:1
 |   |   |- Guid:8C0FA1084325C13D99C659A1CE031414 BaseClass: NativeClass:/Script/Engine.PlayerStart Name:PlayerStart_1 Label:PlayerStart SpatiallyLoaded:0 Bounds:IsValid=true, Min=(X=-3530.000 Y=-9370.000 Z=9.935), Max=(X=-3450.000 Y=-9290.000 Z=101.935) RuntimeGrid:None EditorOnly:0 RuntimeOnly:0 HLODRelevant:0
 |   |   |- Guid:9CCD55BC459E31601481F5988143E178 BaseClass: NativeClass:/Script/Engine.StaticMeshActor Name:StaticMeshActor_UAID_F02F74AEF551769901_1455450498 Label:Cube5 SpatiallyLoaded:1 Bounds:IsValid=true, Min=(X=-11780.000 Y=-3252.500 Z=2.500), Max=(X=-11680.000 Y=3772.500 Z=1177.500) RuntimeGrid:None EditorOnly:0 RuntimeOnly:0 HLODRelevant:1
 |   |   |- Guid:A5D6E6BB46BAC15E6D356990E1F7F480 BaseClass: NativeClass:/Script/Engine.DirectionalLight Name:DirectionalLight_0 Label:DirectionalLight SpatiallyLoaded:0 Bounds:IsValid=true, Min=(X=-1048576.000 Y=-1048576.000 Z=-1048576.000), Max=(X=1048576.000 Y=1048576.000 Z=1048576.000) RuntimeGrid:None EditorOnly:0 RuntimeOnly:0 HLODRelevant:0 FolderPath:Lighting FolderGuid:602030AD4CB26C050EF7B98FCA62FBCA
 |   |   |- Guid:A6ABCCAF4857AE8E40E6228F0FECD123 BaseClass: NativeClass:/Script/Landscape.Landscape Name:Landscape_0 Label:Landscape SpatiallyLoaded:0 Bounds:IsValid=true, Min=(X=-25200.000 Y=-25200.000 Z=0.000), Max=(X=-25200.000 Y=-25200.000 Z=0.000) RuntimeGrid:None EditorOnly:0 RuntimeOnly:0 HLODRelevant:0 FolderPath:Landscape FolderGuid:912F765E4714A1DB296369A3E4390900
 |   |   |- Guid:AB3D653A48C4F01FAA4F39A2698C3518 BaseClass: NativeClass:/Script/Engine.SkyAtmosphere Name:SkyAtmosphere_0 Label:SkyAtmosphere SpatiallyLoaded:0 Bounds:IsValid=true, Min=(X=-12600.000 Y=-12600.000 Z=920.000), Max=(X=-12600.000 Y=-12600.000 Z=920.000) RuntimeGrid:None EditorOnly:0 RuntimeOnly:0 HLODRelevant:0 FolderPath:Lighting FolderGuid:602030AD4CB26C050EF7B98FCA62FBCA
 |   |   |- Guid:BADB0C4C4CE2AFEBE0E228BE26D71AC6 BaseClass: NativeClass:/Script/Landscape.LandscapeStreamingProxy Name:LandscapeStreamingProxy_BN55SI9ETKGRY904720BQHPG3_1_0_1_0 Label:LandscapeStreamingProxy_0_1_0 SpatiallyLoaded:1 Bounds:IsValid=true, Min=(X=-12600.000 Y=0.000 Z=-100.000), Max=(X=0.000 Y=12600.000 Z=100.000) RuntimeGrid:None EditorOnly:0 RuntimeOnly:0 HLODRelevant:1
 |   |   |- Guid:BB478CE0466378E8525F3894286D7387 BaseClass:/Game/Blueprint/Enemy/BP_AICar.BP_AICar_C NativeClass:/Script/ChaosVehicles.WheeledVehiclePawn Name:BP_AICar_C_UAID_F02F74AEF5517A9901_1454866199 Label:BP_AICar SpatiallyLoaded:1 Bounds:IsValid=true, Min=(X=369.350 Y=-10316.000 Z=-28.000), Max=(X=630.650 Y=-9804.000 Z=228.000) RuntimeGrid:None EditorOnly:0 RuntimeOnly:0 HLODRelevant:0
 |   |   |- Guid:BC94655D4ABBC83627C593974F9CC9D4 BaseClass:/Game/Blueprint/BP_Endpoint.BP_Endpoint_C NativeClass:/Script/Engine.Actor Name:BP_Endpoint_C_UAID_F02F74AEF551CF9801_1142483106 Label:BP_Endpoint3 SpatiallyLoaded:1 Bounds:IsValid=true, Min=(X=2185.000 Y=-9385.000 Z=265.000), Max=(X=2255.000 Y=-9315.000 Z=335.000) RuntimeGrid:None EditorOnly:0 RuntimeOnly:0 HLODRelevant:0
 |   |   |- Guid:CA3C0F6345B2DA9E299ED5BEE611655B BaseClass: NativeClass:/Script/Engine.ExponentialHeightFog Name:ExponentialHeightFog_0 Label:ExponentialHeightFog SpatiallyLoaded:0 Bounds:IsValid=true, Min=(X=-18200.000 Y=-12650.000 Z=-6950.000), Max=(X=-18200.000 Y=-12650.000 Z=-6950.000) RuntimeGrid:None EditorOnly:0 RuntimeOnly:0 HLODRelevant:0 FolderPath:Lighting FolderGuid:602030AD4CB26C050EF7B98FCA62FBCA
 |   |   |- Guid:CD569580452BACFA5E0B32B2CC3836B2 BaseClass:/Game/Blueprint/BP_Endpoint.BP_Endpoint_C NativeClass:/Script/Engine.Actor Name:BP_Endpoint_C_UAID_F02F74AEF551CF9801_1152195115 Label:BP_Endpoint12 SpatiallyLoaded:1 Bounds:IsValid=true, Min=(X=2185.000 Y=-9485.000 Z=435.000), Max=(X=2255.000 Y=-9415.000 Z=505.000) RuntimeGrid:None EditorOnly:0 RuntimeOnly:0 HLODRelevant:0
 |   |   |- Guid:D1F0A9EA4D27763ABEA304872C7B78DD BaseClass: NativeClass:/Script/Engine.StaticMeshActor Name:StaticMeshActor_UAID_F02F74AEF551CA9801_1218534223 Label:Cube SpatiallyLoaded:1 Bounds:IsValid=true, Min=(X=11870.000 Y=-12912.500 Z=2.500), Max=(X=11970.000 Y=-5887.500 Z=1177.500) RuntimeGrid:None EditorOnly:0 RuntimeOnly:0 HLODRelevant:1
 |   |   |- Guid:D4740F33409ED816CCF8CD831BD80D60 BaseClass: NativeClass:/Script/Engine.StaticMeshActor Name:StaticMeshActor_UAID_F02F74AEF551769901_1457172499 Label:Cube6 SpatiallyLoaded:1 Bounds:IsValid=true, Min=(X=-11770.000 Y=-11662.500 Z=2.500), Max=(X=-11670.000 Y=-4637.500 Z=1177.500) RuntimeGrid:None EditorOnly:0 RuntimeOnly:0 HLODRelevant:1
 |   |   |- Guid:D5CE1A3946843967B0D1A493A9ED5CF6 BaseClass: NativeClass:/Script/Engine.PostProcessVolume Name:PostProcessVolume_0 Label:PostProcessVolume SpatiallyLoaded:0 Bounds:IsValid=true, Min=(X=-12600.000 Y=-12600.000 Z=300.000), Max=(X=-12400.000 Y=-12400.000 Z=500.000) RuntimeGrid:None EditorOnly:0 RuntimeOnly:0 HLODRelevant:0 FolderPath:Lighting FolderGuid:602030AD4CB26C050EF7B98FCA62FBCA
 |   |   |- Guid:D921DD30490999B0CF5228921589CFE1 BaseClass: NativeClass:/Script/Engine.StaticMeshActor Name:StaticMeshActor_11 Label:SM_Cylinder9 SpatiallyLoaded:1 Bounds:IsValid=true, Min=(X=-850.000 Y=-6700.000 Z=-12.615), Max=(X=-750.000 Y=-6100.000 Z=12.615) RuntimeGrid:None EditorOnly:0 RuntimeOnly:0 HLODRelevant:1 FolderPath:Obstacles/Roadbumps FolderGuid:FEEBC32E4868314ED344A2BDA4C895E1
 |   |   |- Guid:DB51ECF7439E5272D96AEF83EF77B392 BaseClass: NativeClass:/Script/Landscape.LandscapeStreamingProxy Name:LandscapeStreamingProxy_BN55SI9ETKGRY904720BQHPG3_1_1_1_0 Label:LandscapeStreamingProxy_1_1_0 SpatiallyLoaded:1 Bounds:IsValid=true, Min=(X=0.000 Y=0.000 Z=-100.000), Max=(X=12600.000 Y=12600.000 Z=100.000) RuntimeGrid:None EditorOnly:0 RuntimeOnly:0 HLODRelevant:1
 |   |   |- Guid:E604B0D042A26B4E39183DB896CBED2C BaseClass:/Game/Blueprint/Enemy/BP_Path.BP_Path_C NativeClass:/Script/Engine.Actor Name:BP_Path_C_UAID_F02F74AEF5517B9901_1682083376 Label:BP_Path SpatiallyLoaded:1 Bounds:IsValid=true, Min=(X=-5427.439 Y=-8710.000 Z=1.889), Max=(X=5335.689 Y=4087.715 Z=361.646) RuntimeGrid:None EditorOnly:0 RuntimeOnly:0 HLODRelevant:0
 |   |   |- Guid:ECB9E9D3452576F4F4135ABDAD5B30FB BaseClass:/Game/Blueprint/BP_Endpoint.BP_Endpoint_C NativeClass:/Script/Engine.Actor Name:BP_Endpoint_C_UAID_F02F74AEF551CF9801_1116285104 Label:BP_Endpoint SpatiallyLoaded:1 Bounds:IsValid=true, Min=(X=2185.000 Y=-9595.000 Z=265.000), Max=(X=2255.000 Y=-9525.000 Z=335.000) RuntimeGrid:None EditorOnly:0 RuntimeOnly:0 HLODRelevant:0
 |   |   |- Guid:F06FD2AA4FBE7B3C76F162AEDA9CBE37 BaseClass:/Game/Blueprint/BP_Endpoint.BP_Endpoint_C NativeClass:/Script/Engine.Actor Name:BP_Endpoint_C_UAID_F02F74AEF551CF9801_1144600108 Label:BP_Endpoint5 SpatiallyLoaded:1 Bounds:IsValid=true, Min=(X=2185.000 Y=-9195.000 Z=265.000), Max=(X=2255.000 Y=-9125.000 Z=335.000) RuntimeGrid:None EditorOnly:0 RuntimeOnly:0 HLODRelevant:0
 |   |   |- Guid:F7763965458B9B0D050004918C8F0665 BaseClass: NativeClass:/Script/Engine.StaticMeshActor Name:StaticMeshActor_20 Label:SM_Cylinder12 SpatiallyLoaded:1 Bounds:IsValid=true, Min=(X=-250.000 Y=-6700.000 Z=-12.615), Max=(X=-150.000 Y=-6100.000 Z=12.615) RuntimeGrid:None EditorOnly:0 RuntimeOnly:0 HLODRelevant:1 FolderPath:Obstacles/Roadbumps FolderGuid:FEEBC32E4868314ED344A2BDA4C895E1
 |   |   |- Guid:F93F94EB44376BB6102BA59FA5EFB4B8 BaseClass:/Game/Blueprint/BP_Endpoint.BP_Endpoint_C NativeClass:/Script/Engine.Actor Name:BP_Endpoint_C_UAID_F02F74AEF551CF9801_1150197112 Label:BP_Endpoint9 SpatiallyLoaded:1 Bounds:IsValid=true, Min=(X=2185.000 Y=-9285.000 Z=355.000), Max=(X=2255.000 Y=-9215.000 Z=425.000) RuntimeGrid:None EditorOnly:0 RuntimeOnly:0 HLODRelevant:0
 |   |   |- Guid:FD06D98F4BDE1A797FF3D0AA6658BD2E BaseClass: NativeClass:/Script/Engine.TextRenderActor Name:TextRenderActor_1 Label:TextRenderActor SpatiallyLoaded:1 Bounds:IsValid=true, Min=(X=-12610.004 Y=-661.458 Z=70.598), Max=(X=-12609.996 Y=661.619 Z=270.598) RuntimeGrid:None EditorOnly:0 RuntimeOnly:0 HLODRelevant:0
 |   |- [+] Clusters:
 |   |   |- [+] [  0]
 |   |   |   |- Guid:4E07E2294C3EEEE15E5283BF11DCD244 BaseClass:/Game/Blueprint/BP_Endpoint.BP_Endpoint_C NativeClass:/Script/Engine.Actor Name:BP_Endpoint_C_UAID_F02F74AEF551CF9801_1152191114 Label:BP_Endpoint11 SpatiallyLoaded:1 Bounds:IsValid=true, Min=(X=2185.000 Y=-9595.000 Z=435.000), Max=(X=2255.000 Y=-9525.000 Z=505.000) RuntimeGrid:None EditorOnly:0 RuntimeOnly:0 HLODRelevant:0
 |   |   |- [+] [  1]
 |   |   |   |- Guid:3A7EAFD3455BFADCAF92219B658562A7 BaseClass:/Game/Blueprint/BP_Endpoint.BP_Endpoint_C NativeClass:/Script/Engine.Actor Name:BP_Endpoint_C_UAID_F02F74AEF551CF9801_1152198116 Label:BP_Endpoint13 SpatiallyLoaded:1 Bounds:IsValid=true, Min=(X=2185.000 Y=-9385.000 Z=435.000), Max=(X=2255.000 Y=-9315.000 Z=505.000) RuntimeGrid:None EditorOnly:0 RuntimeOnly:0 HLODRelevant:0
 |   |   |- [+] [  2]
 |   |   |   |- Guid:8C0FA1084325C13D99C659A1CE031414 BaseClass: NativeClass:/Script/Engine.PlayerStart Name:PlayerStart_1 Label:PlayerStart SpatiallyLoaded:0 Bounds:IsValid=true, Min=(X=-3530.000 Y=-9370.000 Z=9.935), Max=(X=-3450.000 Y=-9290.000 Z=101.935) RuntimeGrid:None EditorOnly:0 RuntimeOnly:0 HLODRelevant:0
 |   |   |- [+] [  3]
 |   |   |   |- Guid:F7763965458B9B0D050004918C8F0665 BaseClass: NativeClass:/Script/Engine.StaticMeshActor Name:StaticMeshActor_20 Label:SM_Cylinder12 SpatiallyLoaded:1 Bounds:IsValid=true, Min=(X=-250.000 Y=-6700.000 Z=-12.615), Max=(X=-150.000 Y=-6100.000 Z=12.615) RuntimeGrid:None EditorOnly:0 RuntimeOnly:0 HLODRelevant:1 FolderPath:Obstacles/Roadbumps FolderGuid:FEEBC32E4868314ED344A2BDA4C895E1
 |   |   |- [+] [  4]
 |   |   |   |- Guid:BC94655D4ABBC83627C593974F9CC9D4 BaseClass:/Game/Blueprint/BP_Endpoint.BP_Endpoint_C NativeClass:/Script/Engine.Actor Name:BP_Endpoint_C_UAID_F02F74AEF551CF9801_1142483106 Label:BP_Endpoint3 SpatiallyLoaded:1 Bounds:IsValid=true, Min=(X=2185.000 Y=-9385.000 Z=265.000), Max=(X=2255.000 Y=-9315.000 Z=335.000) RuntimeGrid:None EditorOnly:0 RuntimeOnly:0 HLODRelevant:0
 |   |   |- [+] [  5]
 |   |   |   |- Guid:41536055485B96C5CE04B8B7C7F630B7 BaseClass:/Game/Blueprint/BP_Endpoint.BP_Endpoint_C NativeClass:/Script/Engine.Actor Name:BP_Endpoint_C_UAID_F02F74AEF551CF9801_1143412107 Label:BP_Endpoint4 SpatiallyLoaded:1 Bounds:IsValid=true, Min=(X=2185.000 Y=-9285.000 Z=265.000), Max=(X=2255.000 Y=-9215.000 Z=335.000) RuntimeGrid:None EditorOnly:0 RuntimeOnly:0 HLODRelevant:0
 |   |   |- [+] [  6]
 |   |   |   |- Guid:25E856F042412E1485596BAE8A5ABA38 BaseClass: NativeClass:/Script/Landscape.LandscapeStreamingProxy Name:LandscapeStreamingProxy_BN55SI9ETKGRY904720BQHPG3_1_0_0_0 Label:LandscapeStreamingProxy_0_0_0 SpatiallyLoaded:1 Bounds:IsValid=true, Min=(X=-12600.000 Y=-12600.000 Z=-100.000), Max=(X=0.000 Y=0.000 Z=100.000) RuntimeGrid:None EditorOnly:0 RuntimeOnly:0 HLODRelevant:1
 |   |   |- [+] [  7]
 |   |   |   |- Guid:D921DD30490999B0CF5228921589CFE1 BaseClass: NativeClass:/Script/Engine.StaticMeshActor Name:StaticMeshActor_11 Label:SM_Cylinder9 SpatiallyLoaded:1 Bounds:IsValid=true, Min=(X=-850.000 Y=-6700.000 Z=-12.615), Max=(X=-750.000 Y=-6100.000 Z=12.615) RuntimeGrid:None EditorOnly:0 RuntimeOnly:0 HLODRelevant:1 FolderPath:Obstacles/Roadbumps FolderGuid:FEEBC32E4868314ED344A2BDA4C895E1
 |   |   |- [+] [  8]
 |   |   |   |- Guid:F93F94EB44376BB6102BA59FA5EFB4B8 BaseClass:/Game/Blueprint/BP_Endpoint.BP_Endpoint_C NativeClass:/Script/Engine.Actor Name:BP_Endpoint_C_UAID_F02F74AEF551CF9801_1150197112 Label:BP_Endpoint9 SpatiallyLoaded:1 Bounds:IsValid=true, Min=(X=2185.000 Y=-9285.000 Z=355.000), Max=(X=2255.000 Y=-9215.000 Z=425.000) RuntimeGrid:None EditorOnly:0 RuntimeOnly:0 HLODRelevant:0
 |   |   |- [+] [  9]
 |   |   |   |- Guid:6A1C7CE945AD720405A2B8A0CDC31EEA BaseClass: NativeClass:/Script/Engine.WorldDataLayers Name:WorldDataLayers Label:WorldDataLayers-1 SpatiallyLoaded:0 Bounds:IsValid=true, Min=(X=0.000 Y=0.000 Z=0.000), Max=(X=0.000 Y=0.000 Z=0.000) RuntimeGrid:None EditorOnly:0 RuntimeOnly:0 HLODRelevant:0
 |   |   |- [+] [ 10]
 |   |   |   |- Guid:831533784CE5584B00BF1EA12C991339 BaseClass:/Game/Blueprint/BP_Endpoint.BP_Endpoint_C NativeClass:/Script/Engine.Actor Name:BP_Endpoint_C_UAID_F02F74AEF551CF9801_1150200113 Label:BP_Endpoint10 SpatiallyLoaded:1 Bounds:IsValid=true, Min=(X=2185.000 Y=-9195.000 Z=355.000), Max=(X=2255.000 Y=-9125.000 Z=425.000) RuntimeGrid:None EditorOnly:0 RuntimeOnly:0 HLODRelevant:0
 |   |   |- [+] [ 11]
 |   |   |   |- Guid:53C7258943CF749528C764B4D5903760 BaseClass: NativeClass:/Script/Engine.StaticMeshActor Name:StaticMeshActor_5 Label:SM_Cube6 SpatiallyLoaded:1 Bounds:IsValid=true, Min=(X=-12500.001 Y=12500.001 Z=0.000), Max=(X=12599.999 Y=12600.003 Z=4875.000) RuntimeGrid:None EditorOnly:0 RuntimeOnly:0 HLODRelevant:1 FolderPath:Landscape FolderGuid:912F765E4714A1DB296369A3E4390900
 |   |   |- [+] [ 12]
 |   |   |   |- Guid:6B337CAD4C563049716FB399D124EC3D BaseClass: NativeClass:/Script/Engine.SkyLight Name:SkyLight_1 Label:SkyLight SpatiallyLoaded:0 Bounds:IsValid=true, Min=(X=-12600.000 Y=-12600.000 Z=590.000), Max=(X=-12600.000 Y=-12600.000 Z=590.000) RuntimeGrid:None EditorOnly:0 RuntimeOnly:0 HLODRelevant:0 FolderPath:Lighting FolderGuid:602030AD4CB26C050EF7B98FCA62FBCA
 |   |   |- [+] [ 13]
 |   |   |   |- Guid:F06FD2AA4FBE7B3C76F162AEDA9CBE37 BaseClass:/Game/Blueprint/BP_Endpoint.BP_Endpoint_C NativeClass:/Script/Engine.Actor Name:BP_Endpoint_C_UAID_F02F74AEF551CF9801_1144600108 Label:BP_Endpoint5 SpatiallyLoaded:1 Bounds:IsValid=true, Min=(X=2185.000 Y=-9195.000 Z=265.000), Max=(X=2255.000 Y=-9125.000 Z=335.000) RuntimeGrid:None EditorOnly:0 RuntimeOnly:0 HLODRelevant:0
 |   |   |- [+] [ 14]
 |   |   |   |- Guid:72FBA45F474AD6B89F11049FCA83748F BaseClass: NativeClass:/Script/Engine.StaticMeshActor Name:StaticMeshActor_UAID_A4AE111137DC5DFB00_1630210247 Label:SM_SkySphere SpatiallyLoaded:1 Bounds:IsValid=true, Min=(X=-1638400.000 Y=-1638400.000 Z=-1638400.000), Max=(X=1638400.000 Y=1638400.000 Z=1638400.000) RuntimeGrid:None EditorOnly:0 RuntimeOnly:0 HLODRelevant:1 FolderPath:Lighting FolderGuid:602030AD4CB26C050EF7B98FCA62FBCA
 |   |   |- [+] [ 15]
 |   |   |   |- Guid:BB478CE0466378E8525F3894286D7387 BaseClass:/Game/Blueprint/Enemy/BP_AICar.BP_AICar_C NativeClass:/Script/ChaosVehicles.WheeledVehiclePawn Name:BP_AICar_C_UAID_F02F74AEF5517A9901_1454866199 Label:BP_AICar SpatiallyLoaded:1 Bounds:IsValid=true, Min=(X=369.350 Y=-10316.000 Z=-28.000), Max=(X=630.650 Y=-9804.000 Z=228.000) RuntimeGrid:None EditorOnly:0 RuntimeOnly:0 HLODRelevant:0
 |   |   |   |- Guid:E604B0D042A26B4E39183DB896CBED2C BaseClass:/Game/Blueprint/Enemy/BP_Path.BP_Path_C NativeClass:/Script/Engine.Actor Name:BP_Path_C_UAID_F02F74AEF5517B9901_1682083376 Label:BP_Path SpatiallyLoaded:1 Bounds:IsValid=true, Min=(X=-5427.439 Y=-8710.000 Z=1.889), Max=(X=5335.689 Y=4087.715 Z=361.646) RuntimeGrid:None EditorOnly:0 RuntimeOnly:0 HLODRelevant:0
 |   |   |- [+] [ 16]
 |   |   |   |- Guid:45A2752F441C9A70EA448DB3141565BF BaseClass:/Game/Blueprint/BP_Endpoint.BP_Endpoint_C NativeClass:/Script/Engine.Actor Name:BP_Endpoint_C_UAID_F02F74AEF551CF9801_1150192110 Label:BP_Endpoint7 SpatiallyLoaded:1 Bounds:IsValid=true, Min=(X=2185.000 Y=-9485.000 Z=355.000), Max=(X=2255.000 Y=-9415.000 Z=425.000) RuntimeGrid:None EditorOnly:0 RuntimeOnly:0 HLODRelevant:0
 |   |   |- [+] [ 17]
 |   |   |   |- Guid:42D144FB44820C8F4598A283B209E5AC BaseClass:/Game/Blueprint/BP_Endpoint.BP_Endpoint_C NativeClass:/Script/Engine.Actor Name:BP_Endpoint_C_UAID_F02F74AEF551CF9801_1152201117 Label:BP_Endpoint14 SpatiallyLoaded:1 Bounds:IsValid=true, Min=(X=2185.000 Y=-9285.000 Z=435.000), Max=(X=2255.000 Y=-9215.000 Z=505.000) RuntimeGrid:None EditorOnly:0 RuntimeOnly:0 HLODRelevant:0
 |   |   |- [+] [ 18]
 |   |   |   |- Guid:DB51ECF7439E5272D96AEF83EF77B392 BaseClass: NativeClass:/Script/Landscape.LandscapeStreamingProxy Name:LandscapeStreamingProxy_BN55SI9ETKGRY904720BQHPG3_1_1_1_0 Label:LandscapeStreamingProxy_1_1_0 SpatiallyLoaded:1 Bounds:IsValid=true, Min=(X=0.000 Y=0.000 Z=-100.000), Max=(X=12600.000 Y=12600.000 Z=100.000) RuntimeGrid:None EditorOnly:0 RuntimeOnly:0 HLODRelevant:1
 |   |   |- [+] [ 19]
 |   |   |   |- Guid:75C3A0ED45FC497761EEF893F793851A BaseClass:/Game/Blueprint/BP_Endpoint.BP_Endpoint_C NativeClass:/Script/Engine.Actor Name:BP_Endpoint_C_UAID_F02F74AEF551CF9801_1141255105 Label:BP_Endpoint2 SpatiallyLoaded:1 Bounds:IsValid=true, Min=(X=2185.000 Y=-9485.000 Z=265.000), Max=(X=2255.000 Y=-9415.000 Z=335.000) RuntimeGrid:None EditorOnly:0 RuntimeOnly:0 HLODRelevant:0
 |   |   |- [+] [ 20]
 |   |   |   |- Guid:BADB0C4C4CE2AFEBE0E228BE26D71AC6 BaseClass: NativeClass:/Script/Landscape.LandscapeStreamingProxy Name:LandscapeStreamingProxy_BN55SI9ETKGRY904720BQHPG3_1_0_1_0 Label:LandscapeStreamingProxy_0_1_0 SpatiallyLoaded:1 Bounds:IsValid=true, Min=(X=-12600.000 Y=0.000 Z=-100.000), Max=(X=0.000 Y=12600.000 Z=100.000) RuntimeGrid:None EditorOnly:0 RuntimeOnly:0 HLODRelevant:1
 |   |   |- [+] [ 21]
 |   |   |   |- Guid:1B9C08E3400E30F4F7522E9A4C9880C6 BaseClass: NativeClass:/Script/Engine.StaticMeshActor Name:StaticMeshActor_0 Label:SM_Cube5 SpatiallyLoaded:1 Bounds:IsValid=true, Min=(X=12500.000 Y=-12600.000 Z=0.000), Max=(X=12600.002 Y=12500.000 Z=4875.000) RuntimeGrid:None EditorOnly:0 RuntimeOnly:0 HLODRelevant:1 FolderPath:Landscape FolderGuid:912F765E4714A1DB296369A3E4390900
 |   |   |- [+] [ 22]
 |   |   |   |- Guid:35D59C8D432FE794EAF09B89AFD9CA0A BaseClass: NativeClass:/Script/Engine.StaticMeshActor Name:StaticMeshActor_UAID_F02F74AEF551759901_1574609319 Label:Cube2 SpatiallyLoaded:1 Bounds:IsValid=true, Min=(X=11790.000 Y=4797.500 Z=2.500), Max=(X=11890.000 Y=11822.500 Z=1177.500) RuntimeGrid:None EditorOnly:0 RuntimeOnly:0 HLODRelevant:1
 |   |   |- [+] [ 23]
 |   |   |   |- Guid:62B351BB423B9EABD5AE849DD1DFC408 BaseClass: NativeClass:/Script/Engine.VolumetricCloud Name:VolumetricCloud_0 Label:VolumetricCloud SpatiallyLoaded:0 Bounds:IsValid=true, Min=(X=-12600.000 Y=-12600.000 Z=720.000), Max=(X=-12600.000 Y=-12600.000 Z=720.000) RuntimeGrid:None EditorOnly:0 RuntimeOnly:0 HLODRelevant:0 FolderPath:Lighting FolderGuid:602030AD4CB26C050EF7B98FCA62FBCA
 |   |   |- [+] [ 24]
 |   |   |   |- Guid:A6ABCCAF4857AE8E40E6228F0FECD123 BaseClass: NativeClass:/Script/Landscape.Landscape Name:Landscape_0 Label:Landscape SpatiallyLoaded:0 Bounds:IsValid=true, Min=(X=-25200.000 Y=-25200.000 Z=0.000), Max=(X=-25200.000 Y=-25200.000 Z=0.000) RuntimeGrid:None EditorOnly:0 RuntimeOnly:0 HLODRelevant:0 FolderPath:Landscape FolderGuid:912F765E4714A1DB296369A3E4390900
 |   |   |- [+] [ 25]
 |   |   |   |- Guid:D1F0A9EA4D27763ABEA304872C7B78DD BaseClass: NativeClass:/Script/Engine.StaticMeshActor Name:StaticMeshActor_UAID_F02F74AEF551CA9801_1218534223 Label:Cube SpatiallyLoaded:1 Bounds:IsValid=true, Min=(X=11870.000 Y=-12912.500 Z=2.500), Max=(X=11970.000 Y=-5887.500 Z=1177.500) RuntimeGrid:None EditorOnly:0 RuntimeOnly:0 HLODRelevant:1
 |   |   |- [+] [ 26]
 |   |   |   |- Guid:26094E23406E270AB9AB2ABCC1B91E88 BaseClass: NativeClass:/Script/Engine.StaticMeshActor Name:StaticMeshActor_10 Label:SM_Cylinder8 SpatiallyLoaded:1 Bounds:IsValid=true, Min=(X=-1049.678 Y=-6700.000 Z=-12.292), Max=(X=-950.322 Y=-6100.645 Z=12.292) RuntimeGrid:None EditorOnly:0 RuntimeOnly:0 HLODRelevant:1 FolderPath:Obstacles/Roadbumps FolderGuid:FEEBC32E4868314ED344A2BDA4C895E1
 |   |   |- [+] [ 27]
 |   |   |   |- Guid:9CCD55BC459E31601481F5988143E178 BaseClass: NativeClass:/Script/Engine.StaticMeshActor Name:StaticMeshActor_UAID_F02F74AEF551769901_1455450498 Label:Cube5 SpatiallyLoaded:1 Bounds:IsValid=true, Min=(X=-11780.000 Y=-3252.500 Z=2.500), Max=(X=-11680.000 Y=3772.500 Z=1177.500) RuntimeGrid:None EditorOnly:0 RuntimeOnly:0 HLODRelevant:1
 |   |   |- [+] [ 28]
 |   |   |   |- Guid:CD569580452BACFA5E0B32B2CC3836B2 BaseClass:/Game/Blueprint/BP_Endpoint.BP_Endpoint_C NativeClass:/Script/Engine.Actor Name:BP_Endpoint_C_UAID_F02F74AEF551CF9801_1152195115 Label:BP_Endpoint12 SpatiallyLoaded:1 Bounds:IsValid=true, Min=(X=2185.000 Y=-9485.000 Z=435.000), Max=(X=2255.000 Y=-9415.000 Z=505.000) RuntimeGrid:None EditorOnly:0 RuntimeOnly:0 HLODRelevant:0
 |   |   |- [+] [ 29]
 |   |   |   |- Guid:D4740F33409ED816CCF8CD831BD80D60 BaseClass: NativeClass:/Script/Engine.StaticMeshActor Name:StaticMeshActor_UAID_F02F74AEF551769901_1457172499 Label:Cube6 SpatiallyLoaded:1 Bounds:IsValid=true, Min=(X=-11770.000 Y=-11662.500 Z=2.500), Max=(X=-11670.000 Y=-4637.500 Z=1177.500) RuntimeGrid:None EditorOnly:0 RuntimeOnly:0 HLODRelevant:1
 |   |   |- [+] [ 30]
 |   |   |   |- Guid:CA3C0F6345B2DA9E299ED5BEE611655B BaseClass: NativeClass:/Script/Engine.ExponentialHeightFog Name:ExponentialHeightFog_0 Label:ExponentialHeightFog SpatiallyLoaded:0 Bounds:IsValid=true, Min=(X=-18200.000 Y=-12650.000 Z=-6950.000), Max=(X=-18200.000 Y=-12650.000 Z=-6950.000) RuntimeGrid:None EditorOnly:0 RuntimeOnly:0 HLODRelevant:0 FolderPath:Lighting FolderGuid:602030AD4CB26C050EF7B98FCA62FBCA
 |   |   |- [+] [ 31]
 |   |   |   |- Guid:21188B07490D3865E81115A7716F6B45 BaseClass: NativeClass:/Script/Engine.StaticMeshActor Name:StaticMeshActor_4 Label:SM_Cube4 SpatiallyLoaded:1 Bounds:IsValid=true, Min=(X=-12600.000 Y=-12600.001 Z=0.000), Max=(X=12500.000 Y=-12500.000 Z=4875.000) RuntimeGrid:None EditorOnly:0 RuntimeOnly:0 HLODRelevant:1 FolderPath:Landscape FolderGuid:912F765E4714A1DB296369A3E4390900
 |   |   |- [+] [ 32]
 |   |   |   |- Guid:2A6047224CD7C35031E4FBA1E28AE7A0 BaseClass: NativeClass:/Script/Engine.StaticMeshActor Name:StaticMeshActor_UAID_F02F74AEF551769901_1452668497 Label:Cube4 SpatiallyLoaded:1 Bounds:IsValid=true, Min=(X=-11790.000 Y=4807.500 Z=2.500), Max=(X=-11690.000 Y=11832.500 Z=1177.500) RuntimeGrid:None EditorOnly:0 RuntimeOnly:0 HLODRelevant:1
 |   |   |- [+] [ 33]
 |   |   |   |- Guid:89B86F264C65027F36E09C9B3B1D1D32 BaseClass: NativeClass:/Script/Engine.StaticMeshActor Name:StaticMeshActor_UAID_F02F74AEF551769901_1448700496 Label:Cube3 SpatiallyLoaded:1 Bounds:IsValid=true, Min=(X=12140.000 Y=-4652.500 Z=2.500), Max=(X=12240.000 Y=2372.500 Z=1177.500) RuntimeGrid:None EditorOnly:0 RuntimeOnly:0 HLODRelevant:1
 |   |   |- [+] [ 34]
 |   |   |   |- Guid:FD06D98F4BDE1A797FF3D0AA6658BD2E BaseClass: NativeClass:/Script/Engine.TextRenderActor Name:TextRenderActor_1 Label:TextRenderActor SpatiallyLoaded:1 Bounds:IsValid=true, Min=(X=-12610.004 Y=-661.458 Z=70.598), Max=(X=-12609.996 Y=661.619 Z=270.598) RuntimeGrid:None EditorOnly:0 RuntimeOnly:0 HLODRelevant:0
 |   |   |- [+] [ 35]
 |   |   |   |- Guid:53958CB04434B4A582ACDCA76EFE588F BaseClass:/Game/Blueprint/BP_Endpoint.BP_Endpoint_C NativeClass:/Script/Engine.Actor Name:BP_Endpoint_C_UAID_F02F74AEF551CF9801_1150189109 Label:BP_Endpoint6 SpatiallyLoaded:1 Bounds:IsValid=true, Min=(X=2185.000 Y=-9595.000 Z=355.000), Max=(X=2255.000 Y=-9525.000 Z=425.000) RuntimeGrid:None EditorOnly:0 RuntimeOnly:0 HLODRelevant:0
 |   |   |- [+] [ 36]
 |   |   |   |- Guid:D5CE1A3946843967B0D1A493A9ED5CF6 BaseClass: NativeClass:/Script/Engine.PostProcessVolume Name:PostProcessVolume_0 Label:PostProcessVolume SpatiallyLoaded:0 Bounds:IsValid=true, Min=(X=-12600.000 Y=-12600.000 Z=300.000), Max=(X=-12400.000 Y=-12400.000 Z=500.000) RuntimeGrid:None EditorOnly:0 RuntimeOnly:0 HLODRelevant:0 FolderPath:Lighting FolderGuid:602030AD4CB26C050EF7B98FCA62FBCA
 |   |   |- [+] [ 37]
 |   |   |   |- Guid:3AC542C64D20AAA5213F08B4500F4835 BaseClass: NativeClass:/Script/Engine.StaticMeshActor Name:StaticMeshActor_19 Label:SM_Cylinder11 SpatiallyLoaded:1 Bounds:IsValid=true, Min=(X=-450.000 Y=-6700.000 Z=-12.615), Max=(X=-350.000 Y=-6100.000 Z=12.615) RuntimeGrid:None EditorOnly:0 RuntimeOnly:0 HLODRelevant:1 FolderPath:Obstacles/Roadbumps FolderGuid:FEEBC32E4868314ED344A2BDA4C895E1
 |   |   |- [+] [ 38]
 |   |   |   |- Guid:171313D0407C3F64D2D4B296EC558C63 BaseClass: NativeClass:/Script/Landscape.LandscapeStreamingProxy Name:LandscapeStreamingProxy_BN55SI9ETKGRY904720BQHPG3_1_1_0_0 Label:LandscapeStreamingProxy_1_0_0 SpatiallyLoaded:1 Bounds:IsValid=true, Min=(X=0.000 Y=-12600.000 Z=-100.000), Max=(X=12600.000 Y=0.000 Z=100.000) RuntimeGrid:None EditorOnly:0 RuntimeOnly:0 HLODRelevant:1
 |   |   |- [+] [ 39]
 |   |   |   |- Guid:038D8D0A453265B82865CB9F0A1F22EF BaseClass:/Game/Blueprint/BP_Endpoint.BP_Endpoint_C NativeClass:/Script/Engine.Actor Name:BP_Endpoint_C_UAID_F02F74AEF551CF9801_1152204118 Label:BP_Endpoint15 SpatiallyLoaded:1 Bounds:IsValid=true, Min=(X=2106.250 Y=-9253.750 Z=116.250), Max=(X=2333.750 Y=-9026.250 Z=343.750) RuntimeGrid:None EditorOnly:0 RuntimeOnly:0 HLODRelevant:0
 |   |   |- [+] [ 40]
 |   |   |   |- Guid:A5D6E6BB46BAC15E6D356990E1F7F480 BaseClass: NativeClass:/Script/Engine.DirectionalLight Name:DirectionalLight_0 Label:DirectionalLight SpatiallyLoaded:0 Bounds:IsValid=true, Min=(X=-1048576.000 Y=-1048576.000 Z=-1048576.000), Max=(X=1048576.000 Y=1048576.000 Z=1048576.000) RuntimeGrid:None EditorOnly:0 RuntimeOnly:0 HLODRelevant:0 FolderPath:Lighting FolderGuid:602030AD4CB26C050EF7B98FCA62FBCA
 |   |   |- [+] [ 41]
 |   |   |   |- Guid:792164FE4D85B78C5D0DE5BE2EE8CD05 BaseClass: NativeClass:/Script/Engine.StaticMeshActor Name:StaticMeshActor_6 Label:SM_Cube7 SpatiallyLoaded:1 Bounds:IsValid=true, Min=(X=-12600.003 Y=-12500.001 Z=0.000), Max=(X=-12500.001 Y=12599.999 Z=4875.000) RuntimeGrid:None EditorOnly:0 RuntimeOnly:0 HLODRelevant:1 FolderPath:Landscape FolderGuid:912F765E4714A1DB296369A3E4390900
 |   |   |- [+] [ 42]
 |   |   |   |- Guid:26BD1B5E470BC33221AAD99D9354D8C7 BaseClass:/Game/Blueprint/BP_Endpoint.BP_Endpoint_C NativeClass:/Script/Engine.Actor Name:BP_Endpoint_C_UAID_F02F74AEF551CF9801_1150194111 Label:BP_Endpoint8 SpatiallyLoaded:1 Bounds:IsValid=true, Min=(X=2185.000 Y=-9385.000 Z=355.000), Max=(X=2255.000 Y=-9315.000 Z=425.000) RuntimeGrid:None EditorOnly:0 RuntimeOnly:0 HLODRelevant:0
 |   |   |- [+] [ 43]
 |   |   |   |- Guid:ECB9E9D3452576F4F4135ABDAD5B30FB BaseClass:/Game/Blueprint/BP_Endpoint.BP_Endpoint_C NativeClass:/Script/Engine.Actor Name:BP_Endpoint_C_UAID_F02F74AEF551CF9801_1116285104 Label:BP_Endpoint SpatiallyLoaded:1 Bounds:IsValid=true, Min=(X=2185.000 Y=-9595.000 Z=265.000), Max=(X=2255.000 Y=-9525.000 Z=335.000) RuntimeGrid:None EditorOnly:0 RuntimeOnly:0 HLODRelevant:0
 |   |   |- [+] [ 44]
 |   |   |   |- Guid:701349444CCFAEDA5180B7994D6285C9 BaseClass: NativeClass:/Script/Engine.StaticMeshActor Name:StaticMeshActor_9 Label:SM_Cylinder7 SpatiallyLoaded:1 Bounds:IsValid=true, Min=(X=-1238.452 Y=-6700.000 Z=-12.292), Max=(X=-1139.097 Y=-6100.645 Z=12.292) RuntimeGrid:None EditorOnly:0 RuntimeOnly:0 HLODRelevant:1 FolderPath:Obstacles/Roadbumps FolderGuid:FEEBC32E4868314ED344A2BDA4C895E1
 |   |   |- [+] [ 45]
 |   |   |   |- Guid:AB3D653A48C4F01FAA4F39A2698C3518 BaseClass: NativeClass:/Script/Engine.SkyAtmosphere Name:SkyAtmosphere_0 Label:SkyAtmosphere SpatiallyLoaded:0 Bounds:IsValid=true, Min=(X=-12600.000 Y=-12600.000 Z=920.000), Max=(X=-12600.000 Y=-12600.000 Z=920.000) RuntimeGrid:None EditorOnly:0 RuntimeOnly:0 HLODRelevant:0 FolderPath:Lighting FolderGuid:602030AD4CB26C050EF7B98FCA62FBCA
 |- ContainerInstances:
 |- [+] MainContainer:
 |   |-        ID: 0x0000000000000000
 |   |-    Bounds: IsValid=false, Min=(X=0.000 Y=0.000 Z=0.000), Max=(X=0.000 Y=0.000 Z=0.000)
 |   |- Transform: 0.000000,0.000000,0.000000|0.000000,0.000000,-0.000000|1.000000,1.000000,1.000000
 |   |- Container: /Game/VehicleTemplate/Maps/VehicleExampleMap
----------------------------------------------------------------------------------------------------------------
VehicleExampleMap - Persistent Level
----------------------------------------------------------------------------------------------------------------
Always loaded Actor Count: 54 

----------------------------------------------------------------------------------------------------------------
VehicleExampleMap - Runtime Spatial Hash - Streaming Grid - MainGrid
----------------------------------------------------------------------------------------------------------------
            Origin: X=0.000 Y=0.000 Z=0.000
         Cell Size: 12800
      World Bounds: IsValid=false, Min=(X=0.000 Y=0.000 Z=0.000), Max=(X=0.000 Y=0.000 Z=0.000)
     Loading Range: 25600.00
Block Slow Loading: No
 ClientOnlyVisible: No

[+] Grid Levels: 1
 |- Level  0: Cell Count    0 | Cell Size   12800 | Actor Count    0 (0.0%)

[+] Content of Grid Level 0

